==> webapp1: Loading Berkshelf datafile...
==> webapp1: Sharing cookbooks with VM
==> webapp1: Updating Vagrant's Berkshelf...
==> webapp1: Resolving cookbook dependencies...
==> webapp1: Fetching 'cblamp1' from source at .
==> webapp1: Using cblamp1 (0.1.0) from source at .
==> webapp1: Vendoring cblamp1 (0.1.0) to O:/home/.berkshelf/vagrant-berkshelf/shelves/berkshelf20151211-150840-npipu4-webapp1/cblamp1
    webapp1: 
    webapp1: Inserting generated public key within guest...
    webapp1: Removing insecure key from the guest if its present...
    webapp1: Key inserted! Disconnecting and reconnecting using new SSH key...
==> webapp1: Configuring cache buckets...
==> webapp1: Running provisioner: chef_solo...
==> webapp1: Detected Chef (latest) is already installed
Generating chef JSON and uploading...
==> webapp1: Running chef-solo...
==> webapp1: [2015-12-12T03:52:11+00:00] INFO: Forking chef instance to converge...
==> webapp1: [2015-12-12T03:52:11+00:00] WARN: 
==> webapp1: * * * * * * * * * * * * * * * * * * * * * * * * * * * * * * * * * * * * * * * * 
==> webapp1: SSL validation of HTTPS requests is disabled. HTTPS connections are still
==> webapp1: encrypted, but chef is not able to detect forged replies or man in the middle
==> webapp1: attacks.
==> webapp1: 
==> webapp1: To fix this issue add an entry like this to your configuration file:
==> webapp1: 
==> webapp1: ```
==> webapp1:   # Verify all HTTPS connections (recommended)
==> webapp1:   ssl_verify_mode :verify_peer
==> webapp1: 
==> webapp1:   # OR, Verify only connections to chef-server
==> webapp1:   verify_api_cert true
==> webapp1: ```
==> webapp1: 
==> webapp1: To check your SSL configuration, or troubleshoot errors, you can use the
==> webapp1: `knife ssl check` command like so:
==> webapp1: 
==> webapp1: ```
==> webapp1:   knife ssl check -c /tmp/vagrant-chef/solo.rb
==> webapp1: ```
==> webapp1: 
==> webapp1: * * * * * * * * * * * * * * * * * * * * * * * * * * * * * * * * * * * * * * * * 
==> webapp1: [2015-12-12T03:52:11+00:00] INFO: *** Chef 11.12.4 ***
==> webapp1: [2015-12-12T03:52:11+00:00] INFO: Chef-client pid: 14893
==> webapp1: [2015-12-12T03:52:14+00:00] INFO: Setting the run_list to ["recipe[cblamp1::install_php]"] from CLI options
==> webapp1: [2015-12-12T03:52:14+00:00] INFO: Run List is [recipe[cblamp1::install_php]]
==> webapp1: [2015-12-12T03:52:14+00:00] INFO: Run List expands to [cblamp1::install_php]
==> webapp1: [2015-12-12T03:52:14+00:00] INFO: Starting Chef Run for webapp1
==> webapp1: [2015-12-12T03:52:14+00:00] INFO: Running start handlers
==> webapp1: [2015-12-12T03:52:14+00:00] INFO: Start handlers complete.
==> webapp1: [2015-12-12T03:59:02+00:00] INFO: bash[install php with make] ran successfully
==> webapp1: [2015-12-12T03:59:02+00:00] INFO: Chef Run complete in 408.467552461 seconds
==> webapp1: [2015-12-12T03:59:02+00:00] INFO: Running report handlers
==> webapp1: [2015-12-12T03:59:02+00:00] INFO: Report handlers complete
==> webapp1: Configuring cache buckets...
